<?xml version="1.0" encoding="UTF-8"?>
<testng-results skipped="0" failed="0" ignored="0" total="2" passed="2">
  <reporter-output>
  </reporter-output>
  <suite name="Default suite" duration-ms="25719" started-at="2019-11-26T11:27:25 IST" finished-at="2019-11-26T11:27:51 IST">
    <groups>
    </groups>
    <test name="Default test" duration-ms="25719" started-at="2019-11-26T11:27:25 IST" finished-at="2019-11-26T11:27:51 IST">
      <class name="Test.full_serach_form_test">
        <test-method status="PASS" signature="login()[pri:0, instance:Test.full_serach_form_test@56aac163]" name="login" duration-ms="16826" started-at="2019-11-26T11:27:25 IST" finished-at="2019-11-26T11:27:42 IST">
          <reporter-output>
          </reporter-output>
        </test-method> <!-- login -->
        <test-method status="PASS" signature="navigatefullsearch()[pri:1, instance:Test.full_serach_form_test@56aac163]" name="navigatefullsearch" duration-ms="8838" started-at="2019-11-26T11:27:42 IST" finished-at="2019-11-26T11:27:51 IST">
          <reporter-output>
          </reporter-output>
        </test-method> <!-- navigatefullsearch -->
      </class> <!-- Test.full_serach_form_test -->
    </test> <!-- Default test -->
  </suite> <!-- Default suite -->
</testng-results>
